2025-06-15 20:48:19,395 29596 INFO ? odoo: Odoo version 16.0 
2025-06-15 20:48:19,395 29596 INFO ? odoo: Using configuration file at D:\Projects\Odoo\LITMED\odoo.conf 
2025-06-15 20:48:19,395 29596 INFO ? odoo: addons paths: ['D:\\Projects\\Odoo\\LITMED\\odoo\\addons', 'c:\\users\\expert info\\appdata\\local\\openerp s.a\\odoo\\addons\\16.0', 'd:\\projects\\odoo\\litmed\\addons;addons_custom', 'd:\\projects\\odoo\\litmed\\odoo\\addons'] 
2025-06-15 20:48:19,395 29596 INFO ? odoo: database: odoo@localhost:5433 
2025-06-15 20:48:19,559 29596 INFO ? odoo.addons.base.models.ir_actions_report: Will use the Wkhtmltopdf binary at C:\Program Files\wkhtmltopdf\bin\wkhtmltopdf.exe 
2025-06-15 20:48:19,859 29596 CRITICAL ? odoo.modules.module: Couldn't load module web 
2025-06-15 20:48:19,859 29596 CRITICAL ? odoo.modules.module: No module named 'odoo.addons.web' 
2025-06-15 20:48:19,859 29596 ERROR ? odoo.service.server: Failed to load server-wide module `web`.
The `web` module is provided by the addons found in the `openerp-web` project.
Maybe you forgot to add those addons in your addons_path configuration. 
Traceback (most recent call last):
  File "D:\Projects\Odoo\LITMED\odoo\service\server.py", line 1275, in load_server_wide_modules
    odoo.modules.module.load_openerp_module(m)
  File "D:\Projects\Odoo\LITMED\odoo\modules\module.py", line 471, in load_openerp_module
    __import__('odoo.addons.' + module_name)
ModuleNotFoundError: No module named 'odoo.addons.web'
2025-06-15 20:48:19,890 29596 INFO ? odoo.service.server: HTTP service (werkzeug) running on DESKTOP-UG1NIKA:8088 
2025-06-15 20:51:49,971 29596 ERROR ? odoo.sql_db: bad query:  SELECT base_registry_signaling.last_value,
                                  base_cache_signaling.last_value
                           FROM base_registry_signaling, base_cache_signaling
ERROR: relation "base_cache_signaling" does not exist
LINE 3: ...                    FROM base_registry_signaling, base_cache...
                                                             ^
 
2025-06-15 20:51:49,972 29596 ERROR ? odoo.modules.registry: Failed to load registry 
Traceback (most recent call last):
  File "D:\Projects\Odoo\LITMED\odoo\modules\registry.py", line 64, in __new__
    return cls.registries[db_name]
           ~~~~~~~~~~~~~~^^^^^^^^^
  File "D:\Projects\Odoo\LITMED\.venv\Lib\site-packages\decorator.py", line 235, in fun
    return caller(func, *(extras + args), **kw)
           ^^^^^^^^^^^^^^^^^^^^^^^^^^^^^^^^^^^^
  File "D:\Projects\Odoo\LITMED\odoo\tools\func.py", line 87, in locked
    return func(inst, *args, **kwargs)
           ^^^^^^^^^^^^^^^^^^^^^^^^^^^
  File "D:\Projects\Odoo\LITMED\odoo\tools\lru.py", line 34, in __getitem__
    a = self.d[obj]
        ~~~~~~^^^^^
KeyError: 'test_gpl'

During handling of the above exception, another exception occurred:

Traceback (most recent call last):
  File "D:\Projects\Odoo\LITMED\odoo\modules\registry.py", line 84, in new
    registry.setup_signaling()
  File "D:\Projects\Odoo\LITMED\odoo\modules\registry.py", line 745, in setup_signaling
    cr.execute(""" SELECT base_registry_signaling.last_value,
  File "D:\Projects\Odoo\LITMED\odoo\sql_db.py", line 321, in execute
    res = self._obj.execute(query, params)
          ^^^^^^^^^^^^^^^^^^^^^^^^^^^^^^^^
psycopg2.errors.UndefinedTable: relation "base_cache_signaling" does not exist
LINE 3: ...                    FROM base_registry_signaling, base_cache...
                                                             ^

2025-06-15 20:51:49,990 29596 INFO ? werkzeug: 127.0.0.1 - - [15/Jun/2025 20:51:49] "GET / HTTP/1.1" 404 - 3 0.080 0.054
2025-06-15 20:51:50,258 29596 INFO ? werkzeug: 127.0.0.1 - - [15/Jun/2025 20:51:50] "GET /favicon.ico HTTP/1.1" 404 - 1 0.031 0.059
2025-06-15 20:51:56,255 29596 INFO ? odoo.service.server: Initiating shutdown 
2025-06-15 20:51:56,255 29596 INFO ? odoo.service.server: Hit CTRL-C again or send a second signal to force the shutdown. 
2025-06-15 20:51:57,282 29596 INFO ? odoo.sql_db: ConnectionPool(used=0/count=0/max=64): Closed 3 connections  
2025-06-15 20:52:32,495 28032 INFO ? odoo: Odoo version 16.0 
2025-06-15 20:52:32,495 28032 INFO ? odoo: Using configuration file at D:\Projects\Odoo\LITMED\odoo.conf 
2025-06-15 20:52:32,495 28032 INFO ? odoo: addons paths: ['D:\\Projects\\Odoo\\LITMED\\odoo\\addons', 'c:\\users\\expert info\\appdata\\local\\openerp s.a\\odoo\\addons\\16.0', 'd:\\projects\\odoo\\litmed\\addons;addons_custom', 'd:\\projects\\odoo\\litmed\\odoo\\addons'] 
2025-06-15 20:52:32,495 28032 INFO ? odoo: database: odoo@localhost:5433 
2025-06-15 20:52:32,801 28032 INFO ? odoo.addons.base.models.ir_actions_report: Will use the Wkhtmltopdf binary at C:\Program Files\wkhtmltopdf\bin\wkhtmltopdf.exe 
2025-06-15 20:52:33,228 28032 CRITICAL ? odoo.modules.module: Couldn't load module web 
2025-06-15 20:52:33,228 28032 CRITICAL ? odoo.modules.module: No module named 'odoo.addons.web' 
2025-06-15 20:52:33,228 28032 ERROR ? odoo.service.server: Failed to load server-wide module `web`.
The `web` module is provided by the addons found in the `openerp-web` project.
Maybe you forgot to add those addons in your addons_path configuration. 
Traceback (most recent call last):
  File "D:\Projects\Odoo\LITMED\odoo\service\server.py", line 1275, in load_server_wide_modules
    odoo.modules.module.load_openerp_module(m)
  File "D:\Projects\Odoo\LITMED\odoo\modules\module.py", line 471, in load_openerp_module
    __import__('odoo.addons.' + module_name)
ModuleNotFoundError: No module named 'odoo.addons.web'
2025-06-15 20:52:33,370 28032 INFO ? odoo.service.server: HTTP service (werkzeug) running on DESKTOP-UG1NIKA:8088 
2025-06-15 20:57:22,298 30888 INFO ? odoo: Odoo version 16.0 
2025-06-15 20:57:22,298 30888 INFO ? odoo: Using configuration file at D:\Projects\Odoo\LITMED\odoo.conf 
2025-06-15 20:57:22,298 30888 INFO ? odoo: addons paths: ['D:\\Projects\\Odoo\\LITMED\\odoo\\addons', 'c:\\users\\expert info\\appdata\\local\\openerp s.a\\odoo\\addons\\16.0', 'd:\\projects\\odoo\\litmed\\addons;addons_custom', 'd:\\projects\\odoo\\litmed\\odoo\\addons'] 
2025-06-15 20:57:22,298 30888 INFO ? odoo: database: odoo@localhost:5433 
2025-06-15 20:57:22,427 30888 INFO ? odoo.addons.base.models.ir_actions_report: Will use the Wkhtmltopdf binary at C:\Program Files\wkhtmltopdf\bin\wkhtmltopdf.exe 
2025-06-15 20:57:22,767 30888 CRITICAL ? odoo.modules.module: Couldn't load module web 
2025-06-15 20:57:22,767 30888 CRITICAL ? odoo.modules.module: No module named 'odoo.addons.web' 
2025-06-15 20:57:22,767 30888 ERROR ? odoo.service.server: Failed to load server-wide module `web`.
The `web` module is provided by the addons found in the `openerp-web` project.
Maybe you forgot to add those addons in your addons_path configuration. 
Traceback (most recent call last):
  File "D:\Projects\Odoo\LITMED\odoo\service\server.py", line 1275, in load_server_wide_modules
    odoo.modules.module.load_openerp_module(m)
  File "D:\Projects\Odoo\LITMED\odoo\modules\module.py", line 471, in load_openerp_module
    __import__('odoo.addons.' + module_name)
ModuleNotFoundError: No module named 'odoo.addons.web'
2025-06-15 20:57:22,943 30888 INFO ? odoo.service.server: HTTP service (werkzeug) running on DESKTOP-UG1NIKA:8088 
2025-06-15 20:57:47,232 30888 INFO ? odoo.service.server: Initiating shutdown 
2025-06-15 20:57:47,232 30888 INFO ? odoo.service.server: Hit CTRL-C again or send a second signal to force the shutdown. 
2025-06-15 20:57:47,330 30888 INFO ? odoo.sql_db: ConnectionPool(used=0/count=0/max=64): Closed 2 connections  
2025-06-15 20:57:51,825 29628 INFO ? odoo: Odoo version 16.0 
2025-06-15 20:57:51,826 29628 INFO ? odoo: Using configuration file at D:\Projects\Odoo\LITMED\odoo.conf 
2025-06-15 20:57:51,826 29628 INFO ? odoo: addons paths: ['D:\\Projects\\Odoo\\LITMED\\odoo\\addons', 'c:\\users\\expert info\\appdata\\local\\openerp s.a\\odoo\\addons\\16.0', 'd:\\projects\\odoo\\litmed\\addons;addons_custom', 'd:\\projects\\odoo\\litmed\\odoo\\addons'] 
2025-06-15 20:57:51,826 29628 INFO ? odoo: database: odoo@localhost:5433 
2025-06-15 20:57:52,113 29628 INFO ? odoo.addons.base.models.ir_actions_report: Will use the Wkhtmltopdf binary at C:\Program Files\wkhtmltopdf\bin\wkhtmltopdf.exe 
2025-06-15 20:57:52,590 29628 CRITICAL ? odoo.modules.module: Couldn't load module web 
2025-06-15 20:57:52,591 29628 CRITICAL ? odoo.modules.module: No module named 'odoo.addons.web' 
2025-06-15 20:57:52,592 29628 ERROR ? odoo.service.server: Failed to load server-wide module `web`.
The `web` module is provided by the addons found in the `openerp-web` project.
Maybe you forgot to add those addons in your addons_path configuration. 
Traceback (most recent call last):
  File "D:\Projects\Odoo\LITMED\odoo\service\server.py", line 1275, in load_server_wide_modules
    odoo.modules.module.load_openerp_module(m)
  File "D:\Projects\Odoo\LITMED\odoo\modules\module.py", line 471, in load_openerp_module
    __import__('odoo.addons.' + module_name)
ModuleNotFoundError: No module named 'odoo.addons.web'
2025-06-15 20:57:52,795 29628 INFO ? odoo.service.server: HTTP service (werkzeug) running on DESKTOP-UG1NIKA:8088 
2025-06-15 20:58:34,320 29628 INFO ? odoo.service.server: Initiating shutdown 
2025-06-15 20:58:34,320 29628 INFO ? odoo.service.server: Hit CTRL-C again or send a second signal to force the shutdown. 
2025-06-15 20:58:34,643 29628 INFO ? odoo.sql_db: ConnectionPool(used=0/count=0/max=64): Closed 2 connections  
2025-06-15 20:58:37,896 14052 INFO ? odoo: Odoo version 16.0 
2025-06-15 20:58:37,897 14052 INFO ? odoo: Using configuration file at D:\Projects\Odoo\LITMED\odoo.conf 
2025-06-15 20:58:37,897 14052 INFO ? odoo: addons paths: ['D:\\Projects\\Odoo\\LITMED\\odoo\\addons', 'c:\\users\\expert info\\appdata\\local\\openerp s.a\\odoo\\addons\\16.0', 'd:\\projects\\odoo\\litmed\\addons;addons_custom', 'd:\\projects\\odoo\\litmed\\odoo\\addons'] 
2025-06-15 20:58:37,897 14052 INFO ? odoo: database: odoo@localhost:5433 
2025-06-15 20:58:38,001 14052 INFO ? odoo.addons.base.models.ir_actions_report: Will use the Wkhtmltopdf binary at C:\Program Files\wkhtmltopdf\bin\wkhtmltopdf.exe 
2025-06-15 20:58:38,174 14052 CRITICAL ? odoo.modules.module: Couldn't load module web 
2025-06-15 20:58:38,174 14052 CRITICAL ? odoo.modules.module: No module named 'odoo.addons.web' 
2025-06-15 20:58:38,174 14052 ERROR ? odoo.service.server: Failed to load server-wide module `web`.
The `web` module is provided by the addons found in the `openerp-web` project.
Maybe you forgot to add those addons in your addons_path configuration. 
Traceback (most recent call last):
  File "D:\Projects\Odoo\LITMED\odoo\service\server.py", line 1275, in load_server_wide_modules
    odoo.modules.module.load_openerp_module(m)
  File "D:\Projects\Odoo\LITMED\odoo\modules\module.py", line 471, in load_openerp_module
    __import__('odoo.addons.' + module_name)
ModuleNotFoundError: No module named 'odoo.addons.web'
2025-06-15 20:58:38,243 14052 INFO ? odoo.service.server: HTTP service (werkzeug) running on DESKTOP-UG1NIKA:8069 
2025-06-15 20:59:38,275 14052 INFO ? odoo.service.server: Initiating shutdown 
2025-06-15 20:59:38,275 14052 INFO ? odoo.service.server: Hit CTRL-C again or send a second signal to force the shutdown. 
2025-06-15 20:59:38,291 14052 INFO ? odoo.sql_db: ConnectionPool(used=0/count=0/max=64): Closed 2 connections  
2025-06-15 21:00:16,586 28552 INFO ? odoo: Odoo version 16.0 
2025-06-15 21:00:16,586 28552 INFO ? odoo: Using configuration file at D:\Projects\Odoo\LITMED\odoo.conf 
2025-06-15 21:00:16,586 28552 INFO ? odoo: addons paths: ['D:\\Projects\\Odoo\\LITMED\\odoo\\addons', 'c:\\users\\expert info\\appdata\\local\\openerp s.a\\odoo\\addons\\16.0', 'd:\\projects\\odoo\\litmed\\addons;addons_custom', 'd:\\projects\\odoo\\litmed\\odoo\\addons'] 
2025-06-15 21:00:16,586 28552 INFO ? odoo: database: odoo@localhost:5433 
2025-06-15 21:00:16,687 28552 INFO ? odoo.addons.base.models.ir_actions_report: Will use the Wkhtmltopdf binary at C:\Program Files\wkhtmltopdf\bin\wkhtmltopdf.exe 
2025-06-15 21:00:16,855 28552 CRITICAL ? odoo.modules.module: Couldn't load module web 
2025-06-15 21:00:16,855 28552 CRITICAL ? odoo.modules.module: No module named 'odoo.addons.web' 
2025-06-15 21:00:16,855 28552 ERROR ? odoo.service.server: Failed to load server-wide module `web`.
The `web` module is provided by the addons found in the `openerp-web` project.
Maybe you forgot to add those addons in your addons_path configuration. 
Traceback (most recent call last):
  File "D:\Projects\Odoo\LITMED\odoo\service\server.py", line 1275, in load_server_wide_modules
    odoo.modules.module.load_openerp_module(m)
  File "D:\Projects\Odoo\LITMED\odoo\modules\module.py", line 471, in load_openerp_module
    __import__('odoo.addons.' + module_name)
ModuleNotFoundError: No module named 'odoo.addons.web'
2025-06-15 21:00:16,909 28552 INFO ? odoo.service.server: HTTP service (werkzeug) running on DESKTOP-UG1NIKA:8069 
2025-06-15 21:00:46,907 28552 INFO ? odoo.service.server: Initiating shutdown 
2025-06-15 21:00:46,907 28552 INFO ? odoo.service.server: Hit CTRL-C again or send a second signal to force the shutdown. 
2025-06-15 21:00:47,407 28552 INFO ? odoo.sql_db: ConnectionPool(used=0/count=0/max=64): Closed 2 connections  
2025-06-15 21:10:25,896 15732 INFO ? odoo: Odoo version 16.0 
2025-06-15 21:10:25,911 15732 INFO ? odoo: Using configuration file at D:\Projects\Odoo\LITMED\odoo.conf 
2025-06-15 21:10:25,911 15732 INFO ? odoo: addons paths: ['D:\\Projects\\Odoo\\LITMED\\odoo\\addons', 'c:\\users\\expert info\\appdata\\local\\openerp s.a\\odoo\\addons\\16.0', 'd:\\projects\\odoo\\litmed\\addons;addons_custom', 'd:\\projects\\odoo\\litmed\\odoo\\addons'] 
2025-06-15 21:10:25,911 15732 INFO ? odoo: database: odoo@localhost:5433 
2025-06-15 21:10:26,068 15732 INFO ? odoo.addons.base.models.ir_actions_report: Will use the Wkhtmltopdf binary at C:\Program Files\wkhtmltopdf\bin\wkhtmltopdf.exe 
2025-06-15 21:10:26,353 15732 CRITICAL ? odoo.modules.module: Couldn't load module web 
2025-06-15 21:10:26,353 15732 CRITICAL ? odoo.modules.module: No module named 'odoo.addons.web' 
2025-06-15 21:10:26,353 15732 ERROR ? odoo.service.server: Failed to load server-wide module `web`.
The `web` module is provided by the addons found in the `openerp-web` project.
Maybe you forgot to add those addons in your addons_path configuration. 
Traceback (most recent call last):
  File "D:\Projects\Odoo\LITMED\odoo\service\server.py", line 1275, in load_server_wide_modules
    odoo.modules.module.load_openerp_module(m)
  File "D:\Projects\Odoo\LITMED\odoo\modules\module.py", line 471, in load_openerp_module
    __import__('odoo.addons.' + module_name)
ModuleNotFoundError: No module named 'odoo.addons.web'
2025-06-15 21:10:26,431 15732 INFO ? odoo.service.server: HTTP service (werkzeug) running on DESKTOP-UG1NIKA:8069 
2025-06-15 21:53:45,586 21912 INFO ? odoo: Odoo version 16.0 
2025-06-15 21:53:45,586 21912 INFO ? odoo: Using configuration file at D:\Projects\Odoo\LITMED\odoo.conf 
2025-06-15 21:53:45,586 21912 INFO ? odoo: addons paths: ['D:\\Projects\\Odoo\\LITMED\\odoo\\addons', 'c:\\users\\expert info\\appdata\\local\\openerp s.a\\odoo\\addons\\16.0', 'd:\\projects\\odoo\\litmed\\addons;addons_custom', 'd:\\projects\\odoo\\litmed\\odoo\\addons'] 
2025-06-15 21:53:45,586 21912 INFO ? odoo: database: odoo@localhost:5433 
2025-06-15 21:53:46,034 21912 INFO ? odoo.addons.base.models.ir_actions_report: Will use the Wkhtmltopdf binary at C:\Program Files\wkhtmltopdf\bin\wkhtmltopdf.exe 
2025-06-15 21:53:47,020 21912 CRITICAL ? odoo.modules.module: Couldn't load module web 
2025-06-15 21:53:47,020 21912 CRITICAL ? odoo.modules.module: No module named 'odoo.addons.web' 
2025-06-15 21:53:47,020 21912 ERROR ? odoo.service.server: Failed to load server-wide module `web`.
The `web` module is provided by the addons found in the `openerp-web` project.
Maybe you forgot to add those addons in your addons_path configuration. 
Traceback (most recent call last):
  File "D:\Projects\Odoo\LITMED\odoo\service\server.py", line 1275, in load_server_wide_modules
    odoo.modules.module.load_openerp_module(m)
  File "D:\Projects\Odoo\LITMED\odoo\modules\module.py", line 471, in load_openerp_module
    __import__('odoo.addons.' + module_name)
ModuleNotFoundError: No module named 'odoo.addons.web'
2025-06-15 21:53:47,147 21912 INFO ? odoo.service.server: HTTP service (werkzeug) running on DESKTOP-UG1NIKA:8069 
2025-06-15 21:54:30,660 21912 INFO ? odoo.service.server: Initiating shutdown 
2025-06-15 21:54:30,660 21912 INFO ? odoo.service.server: Hit CTRL-C again or send a second signal to force the shutdown. 
2025-06-15 21:54:30,803 21912 INFO ? odoo.sql_db: ConnectionPool(used=0/count=0/max=64): Closed 2 connections  
2025-06-15 21:55:11,971 27100 INFO ? odoo: Odoo version 16.0 
2025-06-15 21:55:11,971 27100 INFO ? odoo: Using configuration file at D:\Projects\Odoo\LITMED\odoo.conf 
2025-06-15 21:55:11,971 27100 INFO ? odoo: addons paths: ['D:\\Projects\\Odoo\\LITMED\\odoo\\addons', 'c:\\users\\expert info\\appdata\\local\\openerp s.a\\odoo\\addons\\16.0', 'd:\\projects\\odoo\\litmed\\addons;addons_custom', 'd:\\projects\\odoo\\litmed\\odoo\\addons'] 
2025-06-15 21:55:11,971 27100 INFO ? odoo: database: odoo@localhost:5433 
2025-06-15 21:55:12,146 27100 INFO ? odoo.addons.base.models.ir_actions_report: Will use the Wkhtmltopdf binary at C:\Program Files\wkhtmltopdf\bin\wkhtmltopdf.exe 
2025-06-15 21:55:12,400 27100 CRITICAL ? odoo.modules.module: Couldn't load module web 
2025-06-15 21:55:12,400 27100 CRITICAL ? odoo.modules.module: No module named 'odoo.addons.web' 
2025-06-15 21:55:12,400 27100 ERROR ? odoo.service.server: Failed to load server-wide module `web`.
The `web` module is provided by the addons found in the `openerp-web` project.
Maybe you forgot to add those addons in your addons_path configuration. 
Traceback (most recent call last):
  File "D:\Projects\Odoo\LITMED\odoo\service\server.py", line 1275, in load_server_wide_modules
    odoo.modules.module.load_openerp_module(m)
  File "D:\Projects\Odoo\LITMED\odoo\modules\module.py", line 471, in load_openerp_module
    __import__('odoo.addons.' + module_name)
ModuleNotFoundError: No module named 'odoo.addons.web'
2025-06-15 21:55:12,437 27100 INFO ? odoo.service.server: HTTP service (werkzeug) running on DESKTOP-UG1NIKA:8069 
2025-06-15 21:56:01,046 27100 INFO ? werkzeug: 127.0.0.1 - - [15/Jun/2025 21:56:01] "GET / HTTP/1.1" 404 - 1 0.036 0.052
2025-06-15 21:56:01,441 27100 INFO ? werkzeug: 127.0.0.1 - - [15/Jun/2025 21:56:01] "GET /favicon.ico HTTP/1.1" 404 - 1 0.008 0.028
2025-06-15 21:56:32,076 27100 INFO ? odoo.service.server: Initiating shutdown 
2025-06-15 21:56:32,077 27100 INFO ? odoo.service.server: Hit CTRL-C again or send a second signal to force the shutdown. 
2025-06-15 21:56:33,128 27100 INFO ? odoo.sql_db: ConnectionPool(used=0/count=0/max=64): Closed 2 connections  
2025-06-15 21:57:35,599 29608 DEBUG ? odoo.netsvc: logger level set: "odoo.http.rpc.request:INFO" 
2025-06-15 21:57:35,600 29608 DEBUG ? odoo.netsvc: logger level set: "odoo.http.rpc.response:INFO" 
2025-06-15 21:57:35,600 29608 DEBUG ? odoo.netsvc: logger level set: ":INFO" 
2025-06-15 21:57:35,600 29608 DEBUG ? odoo.netsvc: logger level set: "odoo:DEBUG" 
2025-06-15 21:57:35,600 29608 DEBUG ? odoo.netsvc: logger level set: "odoo.sql_db:INFO" 
2025-06-15 21:57:35,600 29608 DEBUG ? odoo.netsvc: logger level set: ":INFO" 
2025-06-15 21:57:35,601 29608 INFO ? odoo: Odoo version 16.0 
2025-06-15 21:57:35,601 29608 INFO ? odoo: Using configuration file at D:\Projects\Odoo\LITMED\odoo.conf 
2025-06-15 21:57:35,601 29608 INFO ? odoo: addons paths: ['D:\\Projects\\Odoo\\LITMED\\odoo\\addons', 'c:\\users\\expert info\\appdata\\local\\openerp s.a\\odoo\\addons\\16.0', 'd:\\projects\\odoo\\litmed\\odoo\\addons', 'd:\\projects\\odoo\\litmed\\addons'] 
2025-06-15 21:57:35,601 29608 INFO ? odoo: database: odoo@localhost:5433 
2025-06-15 21:57:36,036 29608 INFO ? odoo.addons.base.models.ir_actions_report: Will use the Wkhtmltopdf binary at C:\Program Files\wkhtmltopdf\bin\wkhtmltopdf.exe 
2025-06-15 21:57:36,880 29608 DEBUG ? odoo.service.server: Setting signal handlers 
2025-06-15 21:57:36,883 29608 DEBUG ? odoo.service.server: cron0 started! 
2025-06-15 21:57:36,885 29608 DEBUG ? odoo.service.server: cron1 started! 
2025-06-15 21:57:36,898 29608 INFO ? odoo.service.server: HTTP service (werkzeug) running on DESKTOP-UG1NIKA:8069 
2025-06-15 21:57:52,418 29608 DEBUG ? odoo.service.server: cron0 polling for jobs 
2025-06-15 21:57:52,429 29608 DEBUG ? odoo.service.server: cron1 polling for jobs 
2025-06-15 21:58:08,860 29608 INFO ? odoo.service.server: Initiating shutdown 
2025-06-15 21:58:08,860 29608 INFO ? odoo.service.server: Hit CTRL-C again or send a second signal to force the shutdown. 
2025-06-15 21:58:08,915 29608 DEBUG ? odoo.service.server: current thread: <_MainThread(MainThread, started 28816)> 
2025-06-15 21:58:08,915 29608 DEBUG ? odoo.service.server: process <_MainThread(MainThread, started 28816)> (False) 
2025-06-15 21:58:08,915 29608 DEBUG ? odoo.service.server: process <Thread(odoo.service.httpd, started daemon 24200)> (True) 
2025-06-15 21:58:08,916 29608 INFO ? odoo.sql_db: ConnectionPool(used=0/count=0/max=64): Closed 2 connections  
2025-06-15 21:58:08,916 29608 DEBUG ? odoo.service.server: -- 
2025-06-15 21:58:13,228 20288 DEBUG ? odoo.netsvc: logger level set: "odoo.http.rpc.request:INFO" 
2025-06-15 21:58:13,228 20288 DEBUG ? odoo.netsvc: logger level set: "odoo.http.rpc.response:INFO" 
2025-06-15 21:58:13,230 20288 DEBUG ? odoo.netsvc: logger level set: ":INFO" 
2025-06-15 21:58:13,230 20288 DEBUG ? odoo.netsvc: logger level set: "odoo:DEBUG" 
2025-06-15 21:58:13,230 20288 DEBUG ? odoo.netsvc: logger level set: "odoo.sql_db:INFO" 
2025-06-15 21:58:13,230 20288 DEBUG ? odoo.netsvc: logger level set: ":INFO" 
2025-06-15 21:58:13,230 20288 INFO ? odoo: Odoo version 16.0 
2025-06-15 21:58:13,230 20288 INFO ? odoo: Using configuration file at D:\Projects\Odoo\LITMED\odoo.conf 
2025-06-15 21:58:13,230 20288 INFO ? odoo: addons paths: ['D:\\Projects\\Odoo\\LITMED\\odoo\\addons', 'c:\\users\\expert info\\appdata\\local\\openerp s.a\\odoo\\addons\\16.0', 'd:\\projects\\odoo\\litmed\\odoo\\addons', 'd:\\projects\\odoo\\litmed\\addons'] 
2025-06-15 21:58:13,230 20288 INFO ? odoo: database: odoo@localhost:5433 
2025-06-15 21:58:13,421 20288 INFO ? odoo.addons.base.models.ir_actions_report: Will use the Wkhtmltopdf binary at C:\Program Files\wkhtmltopdf\bin\wkhtmltopdf.exe 
2025-06-15 21:58:13,859 20288 DEBUG ? odoo.service.server: Setting signal handlers 
2025-06-15 21:58:13,862 20288 DEBUG ? odoo.service.server: cron0 started! 
2025-06-15 21:58:13,864 20288 DEBUG ? odoo.service.server: cron1 started! 
2025-06-15 21:58:13,880 20288 INFO ? odoo.service.server: HTTP service (werkzeug) running on DESKTOP-UG1NIKA:8069 
2025-06-15 21:58:17,917 20288 INFO ? odoo.sql_db: Connection to the database failed 
2025-06-15 21:58:21,987 20288 INFO ? odoo.sql_db: Connection to the database failed 
2025-06-15 21:58:44,275 20288 INFO ? odoo.service.server: Initiating shutdown 
2025-06-15 21:58:44,275 20288 INFO ? odoo.service.server: Hit CTRL-C again or send a second signal to force the shutdown. 
2025-06-15 21:58:44,415 20288 DEBUG ? odoo.service.server: current thread: <_MainThread(MainThread, started 27912)> 
2025-06-15 21:58:44,415 20288 DEBUG ? odoo.service.server: process <_MainThread(MainThread, started 27912)> (False) 
2025-06-15 21:58:44,415 20288 DEBUG ? odoo.service.server: -- 
2025-06-15 21:58:47,734 22492 DEBUG ? odoo.netsvc: logger level set: "odoo.http.rpc.request:INFO" 
2025-06-15 21:58:47,734 22492 DEBUG ? odoo.netsvc: logger level set: "odoo.http.rpc.response:INFO" 
2025-06-15 21:58:47,734 22492 DEBUG ? odoo.netsvc: logger level set: ":INFO" 
2025-06-15 21:58:47,734 22492 DEBUG ? odoo.netsvc: logger level set: "odoo:DEBUG" 
2025-06-15 21:58:47,734 22492 DEBUG ? odoo.netsvc: logger level set: "odoo.sql_db:INFO" 
2025-06-15 21:58:47,734 22492 DEBUG ? odoo.netsvc: logger level set: ":INFO" 
2025-06-15 21:58:47,735 22492 INFO ? odoo: Odoo version 16.0 
2025-06-15 21:58:47,735 22492 INFO ? odoo: Using configuration file at D:\Projects\Odoo\LITMED\odoo.conf 
2025-06-15 21:58:47,735 22492 INFO ? odoo: addons paths: ['D:\\Projects\\Odoo\\LITMED\\odoo\\addons', 'c:\\users\\expert info\\appdata\\local\\openerp s.a\\odoo\\addons\\16.0', 'd:\\projects\\odoo\\litmed\\odoo\\addons', 'd:\\projects\\odoo\\litmed\\addons'] 
2025-06-15 21:58:47,735 22492 INFO ? odoo: database: odoo@localhost:5433 
2025-06-15 21:58:47,915 22492 INFO ? odoo.addons.base.models.ir_actions_report: Will use the Wkhtmltopdf binary at C:\Program Files\wkhtmltopdf\bin\wkhtmltopdf.exe 
2025-06-15 21:58:48,288 22492 DEBUG ? odoo.service.server: Setting signal handlers 
2025-06-15 21:58:48,291 22492 DEBUG ? odoo.service.server: cron0 started! 
2025-06-15 21:58:48,293 22492 DEBUG ? odoo.service.server: cron1 started! 
2025-06-15 21:58:48,310 22492 INFO ? odoo.service.server: HTTP service (werkzeug) running on DESKTOP-UG1NIKA:8069 
2025-06-15 21:58:51,096 22492 INFO ? odoo.service.server: Initiating shutdown 
2025-06-15 21:58:51,096 22492 INFO ? odoo.service.server: Hit CTRL-C again or send a second signal to force the shutdown. 
2025-06-15 21:58:51,357 22492 DEBUG ? odoo.service.server: current thread: <_MainThread(MainThread, started 29852)> 
2025-06-15 21:58:51,357 22492 DEBUG ? odoo.service.server: process <_MainThread(MainThread, started 29852)> (False) 
2025-06-15 21:58:51,357 22492 DEBUG ? odoo.service.server: process <Thread(odoo.service.cron.cron0, started daemon 25296)> (True) 
2025-06-15 21:58:51,357 22492 DEBUG ? odoo.service.server: process <Thread(odoo.service.cron.cron1, started daemon 23600)> (True) 
2025-06-15 21:58:51,358 22492 INFO ? odoo.sql_db: ConnectionPool(used=0/count=0/max=64): Closed 2 connections  
2025-06-15 21:58:51,358 22492 DEBUG ? odoo.service.server: -- 
